<?xml version="1.0" encoding="UTF-8"?>
<!-- Generated by org.testng.reporters.JUnitReportReporter -->
<testsuite hostname="5CG046023G" failures="0" tests="1" name="krieger.extended.test.VerifySubscriptionViaEmail" time="14.378" errors="0" timestamp="2021-04-01T14:45:44 EEST" skipped="0">
  <testcase classname="krieger.extended.test.VerifySubscriptionViaEmail" name="TestSubscriptionViaEmail" time="14.378"/>
  <system-out>
    <![CDATA[Open GMail and perform login
Search for subscription email
Open email
Click subscription button
Switch to a new Tab
Press Confirm subsription Button
Get Page Url and compare it]]>
  </system-out>
</testsuite> <!-- krieger.extended.test.VerifySubscriptionViaEmail -->
