<?xml version="1.0" encoding="UTF-8"?>
<!-- Generated by org.testng.reporters.JUnitReportReporter -->
<testsuite hostname="5CG046023G" failures="0" tests="1" name="krieger.extended.test.VerifyEmailError" time="2.406" errors="0" timestamp="2021-04-01T14:45:44 EEST" skipped="0">
  <testcase classname="krieger.extended.test.VerifyEmailError" name="TestEmailFormatError" time="2.406"/>
  <system-out>
    <![CDATA[Open the Login Page

Login Page opened

Press 'Absend' button]]>
  </system-out>
</testsuite> <!-- krieger.extended.test.VerifyEmailError -->
